<?xml version="1.0" encoding="UTF-8"?>
<!-- Generated by org.testng.reporters.JUnitReportReporter -->
<testsuite hostname="LAPTOP-PCCUKN8F" failures="0" tests="1" name="com.automation.tests.TestScripts" time="20.291" errors="0" timestamp="2024-05-24T10:44:05 CDT" skipped="0">
  <testcase classname="com.automation.tests.TestScripts" name="validateScrollUntillElement_withGestures_06" time="20.291"/>
</testsuite> <!-- com.automation.tests.TestScripts -->
